{"D:\\my website\\raport-app-back-end\\index.js": {"path":"D:\\my website\\raport-app-back-end\\index.js","statementMap":{"0":{"start":{"line":2,"column":0},"end":{"line":2,"column":16}},"1":{"start":{"line":17,"column":13},"end":{"line":17,"column":17}},"2":{"start":{"line":21,"column":19},"end":{"line":21,"column":28}},"3":{"start":{"line":22,"column":0},"end":{"line":22,"column":24}},"4":{"start":{"line":23,"column":0},"end":{"line":23,"column":26}},"5":{"start":{"line":24,"column":0},"end":{"line":24,"column":48}},"6":{"start":{"line":25,"column":0},"end":{"line":25,"column":24}},"7":{"start":{"line":28,"column":0},"end":{"line":28,"column":33}},"8":{"start":{"line":29,"column":0},"end":{"line":29,"column":34}},"9":{"start":{"line":30,"column":0},"end":{"line":30,"column":40}},"10":{"start":{"line":31,"column":0},"end":{"line":31,"column":38}},"11":{"start":{"line":33,"column":0},"end":{"line":43,"column":3}},"12":{"start":{"line":34,"column":20},"end":{"line":34,"column":34}},"13":{"start":{"line":35,"column":2},"end":{"line":35,"column":18}},"14":{"start":{"line":36,"column":2},"end":{"line":42,"column":3}},"15":{"start":{"line":37,"column":4},"end":{"line":37,"column":60}},"16":{"start":{"line":38,"column":9},"end":{"line":42,"column":3}},"17":{"start":{"line":39,"column":4},"end":{"line":39,"column":43}},"18":{"start":{"line":41,"column":4},"end":{"line":41,"column":42}},"19":{"start":{"line":45,"column":0},"end":{"line":45,"column":18}},"20":{"start":{"line":46,"column":0},"end":{"line":46,"column":22}},"21":{"start":{"line":48,"column":0},"end":{"line":50,"column":3}},"22":{"start":{"line":49,"column":2},"end":{"line":49,"column":72}},"23":{"start":{"line":49,"column":25},"end":{"line":49,"column":70}}},"fnMap":{"0":{"name":"(anonymous_0)","decl":{"start":{"line":33,"column":13},"end":{"line":33,"column":14}},"loc":{"start":{"line":33,"column":27},"end":{"line":43,"column":1}},"line":33},"1":{"name":"(anonymous_1)","decl":{"start":{"line":48,"column":17},"end":{"line":48,"column":18}},"loc":{"start":{"line":48,"column":23},"end":{"line":50,"column":1}},"line":48},"2":{"name":"(anonymous_2)","decl":{"start":{"line":49,"column":19},"end":{"line":49,"column":20}},"loc":{"start":{"line":49,"column":25},"end":{"line":49,"column":70}},"line":49}},"branchMap":{"0":{"loc":{"start":{"line":36,"column":2},"end":{"line":42,"column":3}},"type":"if","locations":[{"start":{"line":36,"column":2},"end":{"line":42,"column":3}},{"start":{"line":38,"column":9},"end":{"line":42,"column":3}}],"line":36},"1":{"loc":{"start":{"line":38,"column":9},"end":{"line":42,"column":3}},"type":"if","locations":[{"start":{"line":38,"column":9},"end":{"line":42,"column":3}},{"start":{"line":40,"column":9},"end":{"line":42,"column":3}}],"line":38}},"s":{"0":1,"1":1,"2":1,"3":1,"4":1,"5":1,"6":1,"7":1,"8":1,"9":1,"10":1,"11":1,"12":0,"13":0,"14":0,"15":0,"16":0,"17":0,"18":0,"19":1,"20":1,"21":1,"22":0,"23":0},"f":{"0":0,"1":0,"2":0},"b":{"0":[0,0],"1":[0,0]},"_coverageSchema":"1a1c01bbd47fc00a2c39e90264f33305004495a9","hash":"e43cd10ef878be35181f5c1950f5912b108f1df2"}
,"D:\\my website\\raport-app-back-end\\config\\allowedOrigins.js": {"path":"D:\\my website\\raport-app-back-end\\config\\allowedOrigins.js","statementMap":{"0":{"start":{"line":2,"column":0},"end":{"line":2,"column":16}}},"fnMap":{},"branchMap":{},"s":{"0":1},"f":{},"b":{},"_coverageSchema":"1a1c01bbd47fc00a2c39e90264f33305004495a9","hash":"66b693daed66747013c724e6f3bdab25223dbd07"}
,"D:\\my website\\raport-app-back-end\\config\\corsOption.js": {"path":"D:\\my website\\raport-app-back-end\\config\\corsOption.js","statementMap":{"0":{"start":{"line":5,"column":4},"end":{"line":9,"column":5}},"1":{"start":{"line":6,"column":6},"end":{"line":6,"column":27}},"2":{"start":{"line":8,"column":6},"end":{"line":8,"column":49}}},"fnMap":{"0":{"name":"(anonymous_0)","decl":{"start":{"line":4,"column":10},"end":{"line":4,"column":11}},"loc":{"start":{"line":4,"column":32},"end":{"line":10,"column":3}},"line":4}},"branchMap":{"0":{"loc":{"start":{"line":5,"column":4},"end":{"line":9,"column":5}},"type":"if","locations":[{"start":{"line":5,"column":4},"end":{"line":9,"column":5}},{"start":{"line":7,"column":11},"end":{"line":9,"column":5}}],"line":5},"1":{"loc":{"start":{"line":5,"column":8},"end":{"line":5,"column":56}},"type":"binary-expr","locations":[{"start":{"line":5,"column":8},"end":{"line":5,"column":45}},{"start":{"line":5,"column":49},"end":{"line":5,"column":56}}],"line":5}},"s":{"0":0,"1":0,"2":0},"f":{"0":0},"b":{"0":[0,0],"1":[0,0]},"_coverageSchema":"1a1c01bbd47fc00a2c39e90264f33305004495a9","hash":"b627722621487af376863673005d1624e4071e9d"}
,"D:\\my website\\raport-app-back-end\\config\\db.js": {"path":"D:\\my website\\raport-app-back-end\\config\\db.js","statementMap":{"0":{"start":{"line":3,"column":18},"end":{"line":11,"column":1}},"1":{"start":{"line":4,"column":2},"end":{"line":10,"column":3}},"2":{"start":{"line":5,"column":4},"end":{"line":5,"column":50}},"3":{"start":{"line":6,"column":4},"end":{"line":6,"column":37}},"4":{"start":{"line":8,"column":4},"end":{"line":8,"column":31}},"5":{"start":{"line":9,"column":4},"end":{"line":9,"column":20}}},"fnMap":{"0":{"name":"(anonymous_0)","decl":{"start":{"line":3,"column":18},"end":{"line":3,"column":19}},"loc":{"start":{"line":3,"column":30},"end":{"line":11,"column":1}},"line":3}},"branchMap":{},"s":{"0":1,"1":1,"2":1,"3":0,"4":0,"5":0},"f":{"0":1},"b":{},"_coverageSchema":"1a1c01bbd47fc00a2c39e90264f33305004495a9","hash":"2b1765a62f5cfe5d8fe69777460613d1a21a6087"}
,"D:\\my website\\raport-app-back-end\\config\\firebase.js": {"path":"D:\\my website\\raport-app-back-end\\config\\firebase.js","statementMap":{"0":{"start":{"line":3,"column":0},"end":{"line":3,"column":16}}},"fnMap":{},"branchMap":{},"s":{"0":1},"f":{},"b":{},"_coverageSchema":"1a1c01bbd47fc00a2c39e90264f33305004495a9","hash":"ea2158ea0d598f8cf8428c05b36d6994190d1632"}
,"D:\\my website\\raport-app-back-end\\controllers\\authController.js": {"path":"D:\\my website\\raport-app-back-end\\controllers\\authController.js","statementMap":{"0":{"start":{"line":8,"column":14},"end":{"line":52,"column":2}},"1":{"start":{"line":9,"column":33},"end":{"line":9,"column":41}},"2":{"start":{"line":11,"column":2},"end":{"line":11,"column":60}},"3":{"start":{"line":13,"column":18},"end":{"line":13,"column":50}},"4":{"start":{"line":15,"column":2},"end":{"line":17,"column":3}},"5":{"start":{"line":16,"column":4},"end":{"line":16,"column":68}},"6":{"start":{"line":19,"column":18},"end":{"line":19,"column":68}},"7":{"start":{"line":21,"column":2},"end":{"line":23,"column":3}},"8":{"start":{"line":22,"column":4},"end":{"line":22,"column":68}},"9":{"start":{"line":25,"column":22},"end":{"line":36,"column":3}},"10":{"start":{"line":38,"column":23},"end":{"line":42,"column":3}},"11":{"start":{"line":44,"column":2},"end":{"line":49,"column":5}},"12":{"start":{"line":51,"column":2},"end":{"line":51,"column":38}},"13":{"start":{"line":54,"column":16},"end":{"line":89,"column":1}},"14":{"start":{"line":55,"column":18},"end":{"line":55,"column":29}},"15":{"start":{"line":57,"column":2},"end":{"line":57,"column":78}},"16":{"start":{"line":57,"column":21},"end":{"line":57,"column":78}},"17":{"start":{"line":59,"column":23},"end":{"line":59,"column":34}},"18":{"start":{"line":61,"column":2},"end":{"line":88,"column":4}},"19":{"start":{"line":65,"column":6},"end":{"line":65,"column":69}},"20":{"start":{"line":65,"column":15},"end":{"line":65,"column":69}},"21":{"start":{"line":67,"column":24},"end":{"line":69,"column":15}},"22":{"start":{"line":71,"column":6},"end":{"line":71,"column":79}},"23":{"start":{"line":71,"column":22},"end":{"line":71,"column":79}},"24":{"start":{"line":73,"column":26},"end":{"line":84,"column":7}},"25":{"start":{"line":86,"column":6},"end":{"line":86,"column":32}},"26":{"start":{"line":91,"column":15},"end":{"line":96,"column":1}},"27":{"start":{"line":92,"column":18},"end":{"line":92,"column":29}},"28":{"start":{"line":93,"column":2},"end":{"line":93,"column":48}},"29":{"start":{"line":93,"column":21},"end":{"line":93,"column":48}},"30":{"start":{"line":94,"column":2},"end":{"line":94,"column":77}},"31":{"start":{"line":95,"column":2},"end":{"line":95,"column":42}}},"fnMap":{"0":{"name":"(anonymous_0)","decl":{"start":{"line":8,"column":27},"end":{"line":8,"column":28}},"loc":{"start":{"line":8,"column":47},"end":{"line":52,"column":1}},"line":8},"1":{"name":"(anonymous_1)","decl":{"start":{"line":54,"column":16},"end":{"line":54,"column":17}},"loc":{"start":{"line":54,"column":30},"end":{"line":89,"column":1}},"line":54},"2":{"name":"(anonymous_2)","decl":{"start":{"line":64,"column":17},"end":{"line":64,"column":18}},"loc":{"start":{"line":64,"column":41},"end":{"line":87,"column":5}},"line":64},"3":{"name":"(anonymous_3)","decl":{"start":{"line":91,"column":15},"end":{"line":91,"column":16}},"loc":{"start":{"line":91,"column":29},"end":{"line":96,"column":1}},"line":91}},"branchMap":{"0":{"loc":{"start":{"line":15,"column":2},"end":{"line":17,"column":3}},"type":"if","locations":[{"start":{"line":15,"column":2},"end":{"line":17,"column":3}},{"start":{},"end":{}}],"line":15},"1":{"loc":{"start":{"line":21,"column":2},"end":{"line":23,"column":3}},"type":"if","locations":[{"start":{"line":21,"column":2},"end":{"line":23,"column":3}},{"start":{},"end":{}}],"line":21},"2":{"loc":{"start":{"line":57,"column":2},"end":{"line":57,"column":78}},"type":"if","locations":[{"start":{"line":57,"column":2},"end":{"line":57,"column":78}},{"start":{},"end":{}}],"line":57},"3":{"loc":{"start":{"line":65,"column":6},"end":{"line":65,"column":69}},"type":"if","locations":[{"start":{"line":65,"column":6},"end":{"line":65,"column":69}},{"start":{},"end":{}}],"line":65},"4":{"loc":{"start":{"line":71,"column":6},"end":{"line":71,"column":79}},"type":"if","locations":[{"start":{"line":71,"column":6},"end":{"line":71,"column":79}},{"start":{},"end":{}}],"line":71},"5":{"loc":{"start":{"line":93,"column":2},"end":{"line":93,"column":48}},"type":"if","locations":[{"start":{"line":93,"column":2},"end":{"line":93,"column":48}},{"start":{},"end":{}}],"line":93}},"s":{"0":1,"1":0,"2":0,"3":0,"4":0,"5":0,"6":0,"7":0,"8":0,"9":0,"10":0,"11":0,"12":0,"13":1,"14":0,"15":0,"16":0,"17":0,"18":0,"19":0,"20":0,"21":0,"22":0,"23":0,"24":0,"25":0,"26":1,"27":0,"28":0,"29":0,"30":0,"31":0},"f":{"0":0,"1":0,"2":0,"3":0},"b":{"0":[0,0],"1":[0,0],"2":[0,0],"3":[0,0],"4":[0,0],"5":[0,0]},"_coverageSchema":"1a1c01bbd47fc00a2c39e90264f33305004495a9","hash":"d4b8233f08789649077849060f23caf309f28f23"}
,"D:\\my website\\raport-app-back-end\\controllers\\raportController.js": {"path":"D:\\my website\\raport-app-back-end\\controllers\\raportController.js","statementMap":{"0":{"start":{"line":7,"column":24},"end":{"line":53,"column":2}},"1":{"start":{"line":8,"column":17},"end":{"line":8,"column":27}},"2":{"start":{"line":10,"column":15},"end":{"line":10,"column":42}},"3":{"start":{"line":12,"column":2},"end":{"line":14,"column":3}},"4":{"start":{"line":13,"column":4},"end":{"line":13,"column":61}},"5":{"start":{"line":16,"column":55},"end":{"line":16,"column":63}},"6":{"start":{"line":18,"column":2},"end":{"line":24,"column":5}},"7":{"start":{"line":26,"column":18},"end":{"line":26,"column":70}},"8":{"start":{"line":28,"column":2},"end":{"line":30,"column":3}},"9":{"start":{"line":29,"column":4},"end":{"line":29,"column":69}},"10":{"start":{"line":32,"column":2},"end":{"line":36,"column":3}},"11":{"start":{"line":33,"column":4},"end":{"line":33,"column":25}},"12":{"start":{"line":35,"column":4},"end":{"line":35,"column":22}},"13":{"start":{"line":38,"column":2},"end":{"line":38,"column":52}},"14":{"start":{"line":40,"column":2},"end":{"line":40,"column":23}},"15":{"start":{"line":42,"column":17},"end":{"line":48,"column":4}},"16":{"start":{"line":50,"column":2},"end":{"line":50,"column":22}},"17":{"start":{"line":52,"column":2},"end":{"line":52,"column":58}},"18":{"start":{"line":55,"column":30},"end":{"line":80,"column":2}},"19":{"start":{"line":56,"column":17},"end":{"line":56,"column":27}},"20":{"start":{"line":57,"column":19},"end":{"line":57,"column":38}},"21":{"start":{"line":59,"column":18},"end":{"line":59,"column":50}},"22":{"start":{"line":61,"column":2},"end":{"line":63,"column":3}},"23":{"start":{"line":62,"column":4},"end":{"line":62,"column":69}},"24":{"start":{"line":65,"column":15},"end":{"line":65,"column":42}},"25":{"start":{"line":67,"column":2},"end":{"line":73,"column":3}},"26":{"start":{"line":68,"column":4},"end":{"line":70,"column":5}},"27":{"start":{"line":69,"column":6},"end":{"line":69,"column":63}},"28":{"start":{"line":71,"column":9},"end":{"line":73,"column":3}},"29":{"start":{"line":72,"column":4},"end":{"line":72,"column":61}},"30":{"start":{"line":75,"column":20},"end":{"line":75,"column":42}},"31":{"start":{"line":77,"column":18},"end":{"line":77,"column":50}},"32":{"start":{"line":79,"column":2},"end":{"line":79,"column":24}},"33":{"start":{"line":82,"column":25},"end":{"line":115,"column":2}},"34":{"start":{"line":83,"column":17},"end":{"line":83,"column":27}},"35":{"start":{"line":84,"column":23},"end":{"line":84,"column":33}},"36":{"start":{"line":86,"column":17},"end":{"line":86,"column":48}},"37":{"start":{"line":88,"column":18},"end":{"line":88,"column":55}},"38":{"start":{"line":90,"column":2},"end":{"line":92,"column":3}},"39":{"start":{"line":91,"column":4},"end":{"line":91,"column":61}},"40":{"start":{"line":94,"column":2},"end":{"line":96,"column":3}},"41":{"start":{"line":95,"column":4},"end":{"line":95,"column":61}},"42":{"start":{"line":98,"column":2},"end":{"line":100,"column":3}},"43":{"start":{"line":99,"column":4},"end":{"line":99,"column":65}},"44":{"start":{"line":102,"column":2},"end":{"line":106,"column":3}},"45":{"start":{"line":103,"column":4},"end":{"line":103,"column":25}},"46":{"start":{"line":105,"column":4},"end":{"line":105,"column":22}},"47":{"start":{"line":108,"column":2},"end":{"line":108,"column":52}},"48":{"start":{"line":110,"column":2},"end":{"line":110,"column":23}},"49":{"start":{"line":112,"column":2},"end":{"line":112,"column":27}},"50":{"start":{"line":114,"column":2},"end":{"line":114,"column":42}}},"fnMap":{"0":{"name":"(anonymous_0)","decl":{"start":{"line":7,"column":37},"end":{"line":7,"column":38}},"loc":{"start":{"line":7,"column":57},"end":{"line":53,"column":1}},"line":7},"1":{"name":"(anonymous_1)","decl":{"start":{"line":55,"column":43},"end":{"line":55,"column":44}},"loc":{"start":{"line":55,"column":63},"end":{"line":80,"column":1}},"line":55},"2":{"name":"(anonymous_2)","decl":{"start":{"line":82,"column":38},"end":{"line":82,"column":39}},"loc":{"start":{"line":82,"column":58},"end":{"line":115,"column":1}},"line":82}},"branchMap":{"0":{"loc":{"start":{"line":12,"column":2},"end":{"line":14,"column":3}},"type":"if","locations":[{"start":{"line":12,"column":2},"end":{"line":14,"column":3}},{"start":{},"end":{}}],"line":12},"1":{"loc":{"start":{"line":28,"column":2},"end":{"line":30,"column":3}},"type":"if","locations":[{"start":{"line":28,"column":2},"end":{"line":30,"column":3}},{"start":{},"end":{}}],"line":28},"2":{"loc":{"start":{"line":32,"column":2},"end":{"line":36,"column":3}},"type":"if","locations":[{"start":{"line":32,"column":2},"end":{"line":36,"column":3}},{"start":{"line":34,"column":9},"end":{"line":36,"column":3}}],"line":32},"3":{"loc":{"start":{"line":61,"column":2},"end":{"line":63,"column":3}},"type":"if","locations":[{"start":{"line":61,"column":2},"end":{"line":63,"column":3}},{"start":{},"end":{}}],"line":61},"4":{"loc":{"start":{"line":67,"column":2},"end":{"line":73,"column":3}},"type":"if","locations":[{"start":{"line":67,"column":2},"end":{"line":73,"column":3}},{"start":{"line":71,"column":9},"end":{"line":73,"column":3}}],"line":67},"5":{"loc":{"start":{"line":68,"column":4},"end":{"line":70,"column":5}},"type":"if","locations":[{"start":{"line":68,"column":4},"end":{"line":70,"column":5}},{"start":{},"end":{}}],"line":68},"6":{"loc":{"start":{"line":71,"column":9},"end":{"line":73,"column":3}},"type":"if","locations":[{"start":{"line":71,"column":9},"end":{"line":73,"column":3}},{"start":{},"end":{}}],"line":71},"7":{"loc":{"start":{"line":90,"column":2},"end":{"line":92,"column":3}},"type":"if","locations":[{"start":{"line":90,"column":2},"end":{"line":92,"column":3}},{"start":{},"end":{}}],"line":90},"8":{"loc":{"start":{"line":94,"column":2},"end":{"line":96,"column":3}},"type":"if","locations":[{"start":{"line":94,"column":2},"end":{"line":96,"column":3}},{"start":{},"end":{}}],"line":94},"9":{"loc":{"start":{"line":98,"column":2},"end":{"line":100,"column":3}},"type":"if","locations":[{"start":{"line":98,"column":2},"end":{"line":100,"column":3}},{"start":{},"end":{}}],"line":98},"10":{"loc":{"start":{"line":102,"column":2},"end":{"line":106,"column":3}},"type":"if","locations":[{"start":{"line":102,"column":2},"end":{"line":106,"column":3}},{"start":{"line":104,"column":9},"end":{"line":106,"column":3}}],"line":102}},"s":{"0":1,"1":0,"2":0,"3":0,"4":0,"5":0,"6":0,"7":0,"8":0,"9":0,"10":0,"11":0,"12":0,"13":0,"14":0,"15":0,"16":0,"17":0,"18":1,"19":0,"20":0,"21":0,"22":0,"23":0,"24":0,"25":0,"26":0,"27":0,"28":0,"29":0,"30":0,"31":0,"32":0,"33":1,"34":0,"35":0,"36":0,"37":0,"38":0,"39":0,"40":0,"41":0,"42":0,"43":0,"44":0,"45":0,"46":0,"47":0,"48":0,"49":0,"50":0},"f":{"0":0,"1":0,"2":0},"b":{"0":[0,0],"1":[0,0],"2":[0,0],"3":[0,0],"4":[0,0],"5":[0,0],"6":[0,0],"7":[0,0],"8":[0,0],"9":[0,0],"10":[0,0]},"_coverageSchema":"1a1c01bbd47fc00a2c39e90264f33305004495a9","hash":"a44f315c22ae52fe5d2c6982167d9b337bfe18df"}
,"D:\\my website\\raport-app-back-end\\controllers\\studentController.js": {"path":"D:\\my website\\raport-app-back-end\\controllers\\studentController.js","statementMap":{"0":{"start":{"line":7,"column":25},"end":{"line":39,"column":2}},"1":{"start":{"line":8,"column":40},"end":{"line":8,"column":48}},"2":{"start":{"line":10,"column":2},"end":{"line":10,"column":60}},"3":{"start":{"line":12,"column":2},"end":{"line":14,"column":3}},"4":{"start":{"line":13,"column":4},"end":{"line":13,"column":61}},"5":{"start":{"line":16,"column":16},"end":{"line":16,"column":62}},"6":{"start":{"line":18,"column":2},"end":{"line":20,"column":3}},"7":{"start":{"line":19,"column":4},"end":{"line":19,"column":68}},"8":{"start":{"line":22,"column":2},"end":{"line":27,"column":5}},"9":{"start":{"line":29,"column":15},"end":{"line":29,"column":39}},"10":{"start":{"line":30,"column":2},"end":{"line":30,"column":55}},"11":{"start":{"line":32,"column":2},"end":{"line":32,"column":23}},"12":{"start":{"line":34,"column":2},"end":{"line":38,"column":3}},"13":{"start":{"line":35,"column":4},"end":{"line":35,"column":70}},"14":{"start":{"line":37,"column":4},"end":{"line":37,"column":68}},"15":{"start":{"line":41,"column":30},"end":{"line":57,"column":2}},"16":{"start":{"line":42,"column":17},"end":{"line":42,"column":27}},"17":{"start":{"line":44,"column":15},"end":{"line":44,"column":42}},"18":{"start":{"line":48,"column":2},"end":{"line":52,"column":3}},"19":{"start":{"line":49,"column":4},"end":{"line":49,"column":29}},"20":{"start":{"line":51,"column":4},"end":{"line":51,"column":22}},"21":{"start":{"line":54,"column":19},"end":{"line":54,"column":68}},"22":{"start":{"line":56,"column":2},"end":{"line":56,"column":32}},"23":{"start":{"line":59,"column":26},"end":{"line":79,"column":2}},"24":{"start":{"line":60,"column":19},"end":{"line":60,"column":29}},"25":{"start":{"line":61,"column":17},"end":{"line":61,"column":25}},"26":{"start":{"line":63,"column":18},"end":{"line":63,"column":41}},"27":{"start":{"line":65,"column":2},"end":{"line":67,"column":3}},"28":{"start":{"line":66,"column":4},"end":{"line":66,"column":63}},"29":{"start":{"line":69,"column":2},"end":{"line":72,"column":3}},"30":{"start":{"line":70,"column":4},"end":{"line":70,"column":28}},"31":{"start":{"line":71,"column":4},"end":{"line":71,"column":58}},"32":{"start":{"line":74,"column":17},"end":{"line":74,"column":42}},"33":{"start":{"line":76,"column":18},"end":{"line":76,"column":77}},"34":{"start":{"line":78,"column":2},"end":{"line":78,"column":24}}},"fnMap":{"0":{"name":"(anonymous_0)","decl":{"start":{"line":7,"column":38},"end":{"line":7,"column":39}},"loc":{"start":{"line":7,"column":58},"end":{"line":39,"column":1}},"line":7},"1":{"name":"(anonymous_1)","decl":{"start":{"line":41,"column":43},"end":{"line":41,"column":44}},"loc":{"start":{"line":41,"column":63},"end":{"line":57,"column":1}},"line":41},"2":{"name":"(anonymous_2)","decl":{"start":{"line":59,"column":39},"end":{"line":59,"column":40}},"loc":{"start":{"line":59,"column":59},"end":{"line":79,"column":1}},"line":59}},"branchMap":{"0":{"loc":{"start":{"line":12,"column":2},"end":{"line":14,"column":3}},"type":"if","locations":[{"start":{"line":12,"column":2},"end":{"line":14,"column":3}},{"start":{},"end":{}}],"line":12},"1":{"loc":{"start":{"line":18,"column":2},"end":{"line":20,"column":3}},"type":"if","locations":[{"start":{"line":18,"column":2},"end":{"line":20,"column":3}},{"start":{},"end":{}}],"line":18},"2":{"loc":{"start":{"line":34,"column":2},"end":{"line":38,"column":3}},"type":"if","locations":[{"start":{"line":34,"column":2},"end":{"line":38,"column":3}},{"start":{"line":36,"column":9},"end":{"line":38,"column":3}}],"line":34},"3":{"loc":{"start":{"line":48,"column":2},"end":{"line":52,"column":3}},"type":"if","locations":[{"start":{"line":48,"column":2},"end":{"line":52,"column":3}},{"start":{"line":50,"column":9},"end":{"line":52,"column":3}}],"line":48},"4":{"loc":{"start":{"line":65,"column":2},"end":{"line":67,"column":3}},"type":"if","locations":[{"start":{"line":65,"column":2},"end":{"line":67,"column":3}},{"start":{},"end":{}}],"line":65},"5":{"loc":{"start":{"line":69,"column":2},"end":{"line":72,"column":3}},"type":"if","locations":[{"start":{"line":69,"column":2},"end":{"line":72,"column":3}},{"start":{},"end":{}}],"line":69}},"s":{"0":1,"1":0,"2":0,"3":0,"4":0,"5":0,"6":0,"7":0,"8":0,"9":0,"10":0,"11":0,"12":0,"13":0,"14":0,"15":1,"16":0,"17":0,"18":0,"19":0,"20":0,"21":0,"22":0,"23":1,"24":0,"25":0,"26":0,"27":0,"28":0,"29":0,"30":0,"31":0,"32":0,"33":0,"34":0},"f":{"0":0,"1":0,"2":0},"b":{"0":[0,0],"1":[0,0],"2":[0,0],"3":[0,0],"4":[0,0],"5":[0,0]},"_coverageSchema":"1a1c01bbd47fc00a2c39e90264f33305004495a9","hash":"53ee489307546816f3f3463766ef6af649a2d797"}
,"D:\\my website\\raport-app-back-end\\controllers\\userController.js": {"path":"D:\\my website\\raport-app-back-end\\controllers\\userController.js","statementMap":{"0":{"start":{"line":17,"column":0},"end":{"line":17,"column":30}},"1":{"start":{"line":19,"column":16},"end":{"line":19,"column":28}},"2":{"start":{"line":21,"column":22},"end":{"line":48,"column":2}},"3":{"start":{"line":22,"column":33},"end":{"line":22,"column":41}},"4":{"start":{"line":24,"column":2},"end":{"line":24,"column":60}},"5":{"start":{"line":26,"column":13},"end":{"line":26,"column":45}},"6":{"start":{"line":28,"column":2},"end":{"line":30,"column":3}},"7":{"start":{"line":29,"column":4},"end":{"line":29,"column":68}},"8":{"start":{"line":32,"column":2},"end":{"line":36,"column":5}},"9":{"start":{"line":38,"column":15},"end":{"line":38,"column":39}},"10":{"start":{"line":39,"column":2},"end":{"line":39,"column":52}},"11":{"start":{"line":41,"column":2},"end":{"line":41,"column":20}},"12":{"start":{"line":43,"column":2},"end":{"line":47,"column":3}},"13":{"start":{"line":44,"column":4},"end":{"line":44,"column":70}},"14":{"start":{"line":46,"column":4},"end":{"line":46,"column":68}},"15":{"start":{"line":50,"column":16},"end":{"line":60,"column":2}},"16":{"start":{"line":51,"column":19},"end":{"line":51,"column":38}},"17":{"start":{"line":53,"column":15},"end":{"line":53,"column":67}},"18":{"start":{"line":55,"column":2},"end":{"line":57,"column":3}},"19":{"start":{"line":56,"column":4},"end":{"line":56,"column":66}},"20":{"start":{"line":59,"column":2},"end":{"line":59,"column":29}},"21":{"start":{"line":62,"column":19},"end":{"line":90,"column":2}},"22":{"start":{"line":63,"column":17},"end":{"line":63,"column":27}},"23":{"start":{"line":64,"column":46},"end":{"line":64,"column":54}},"24":{"start":{"line":66,"column":2},"end":{"line":66,"column":79}},"25":{"start":{"line":68,"column":15},"end":{"line":68,"column":42}},"26":{"start":{"line":70,"column":2},"end":{"line":72,"column":3}},"27":{"start":{"line":71,"column":4},"end":{"line":71,"column":61}},"28":{"start":{"line":74,"column":2},"end":{"line":74,"column":21}},"29":{"start":{"line":76,"column":2},"end":{"line":85,"column":3}},"30":{"start":{"line":77,"column":20},"end":{"line":77,"column":68}},"31":{"start":{"line":79,"column":4},"end":{"line":81,"column":5}},"32":{"start":{"line":80,"column":6},"end":{"line":80,"column":67}},"33":{"start":{"line":83,"column":17},"end":{"line":83,"column":41}},"34":{"start":{"line":84,"column":4},"end":{"line":84,"column":57}},"35":{"start":{"line":87,"column":2},"end":{"line":87,"column":20}},"36":{"start":{"line":89,"column":2},"end":{"line":89,"column":64}},"37":{"start":{"line":92,"column":27},"end":{"line":124,"column":2}},"38":{"start":{"line":93,"column":2},"end":{"line":95,"column":3}},"39":{"start":{"line":94,"column":4},"end":{"line":94,"column":69}},"40":{"start":{"line":97,"column":17},"end":{"line":97,"column":27}},"41":{"start":{"line":99,"column":15},"end":{"line":99,"column":42}},"42":{"start":{"line":101,"column":2},"end":{"line":103,"column":3}},"43":{"start":{"line":102,"column":4},"end":{"line":102,"column":48}},"44":{"start":{"line":105,"column":15},"end":{"line":105,"column":23}},"45":{"start":{"line":107,"column":19},"end":{"line":107,"column":34}},"46":{"start":{"line":110,"column":21},"end":{"line":110,"column":63}},"47":{"start":{"line":111,"column":19},"end":{"line":111,"column":70}},"48":{"start":{"line":114,"column":22},"end":{"line":114,"column":56}},"49":{"start":{"line":119,"column":2},"end":{"line":119,"column":35}},"50":{"start":{"line":121,"column":2},"end":{"line":121,"column":20}},"51":{"start":{"line":123,"column":2},"end":{"line":123,"column":59}}},"fnMap":{"0":{"name":"(anonymous_0)","decl":{"start":{"line":21,"column":35},"end":{"line":21,"column":36}},"loc":{"start":{"line":21,"column":55},"end":{"line":48,"column":1}},"line":21},"1":{"name":"(anonymous_1)","decl":{"start":{"line":50,"column":29},"end":{"line":50,"column":30}},"loc":{"start":{"line":50,"column":49},"end":{"line":60,"column":1}},"line":50},"2":{"name":"(anonymous_2)","decl":{"start":{"line":62,"column":32},"end":{"line":62,"column":33}},"loc":{"start":{"line":62,"column":52},"end":{"line":90,"column":1}},"line":62},"3":{"name":"(anonymous_3)","decl":{"start":{"line":92,"column":40},"end":{"line":92,"column":41}},"loc":{"start":{"line":92,"column":60},"end":{"line":124,"column":1}},"line":92}},"branchMap":{"0":{"loc":{"start":{"line":28,"column":2},"end":{"line":30,"column":3}},"type":"if","locations":[{"start":{"line":28,"column":2},"end":{"line":30,"column":3}},{"start":{},"end":{}}],"line":28},"1":{"loc":{"start":{"line":43,"column":2},"end":{"line":47,"column":3}},"type":"if","locations":[{"start":{"line":43,"column":2},"end":{"line":47,"column":3}},{"start":{"line":45,"column":9},"end":{"line":47,"column":3}}],"line":43},"2":{"loc":{"start":{"line":55,"column":2},"end":{"line":57,"column":3}},"type":"if","locations":[{"start":{"line":55,"column":2},"end":{"line":57,"column":3}},{"start":{},"end":{}}],"line":55},"3":{"loc":{"start":{"line":70,"column":2},"end":{"line":72,"column":3}},"type":"if","locations":[{"start":{"line":70,"column":2},"end":{"line":72,"column":3}},{"start":{},"end":{}}],"line":70},"4":{"loc":{"start":{"line":76,"column":2},"end":{"line":85,"column":3}},"type":"if","locations":[{"start":{"line":76,"column":2},"end":{"line":85,"column":3}},{"start":{},"end":{}}],"line":76},"5":{"loc":{"start":{"line":76,"column":6},"end":{"line":76,"column":32}},"type":"binary-expr","locations":[{"start":{"line":76,"column":6},"end":{"line":76,"column":17}},{"start":{"line":76,"column":21},"end":{"line":76,"column":32}}],"line":76},"6":{"loc":{"start":{"line":79,"column":4},"end":{"line":81,"column":5}},"type":"if","locations":[{"start":{"line":79,"column":4},"end":{"line":81,"column":5}},{"start":{},"end":{}}],"line":79},"7":{"loc":{"start":{"line":93,"column":2},"end":{"line":95,"column":3}},"type":"if","locations":[{"start":{"line":93,"column":2},"end":{"line":95,"column":3}},{"start":{},"end":{}}],"line":93},"8":{"loc":{"start":{"line":101,"column":2},"end":{"line":103,"column":3}},"type":"if","locations":[{"start":{"line":101,"column":2},"end":{"line":103,"column":3}},{"start":{},"end":{}}],"line":101}},"s":{"0":1,"1":1,"2":1,"3":0,"4":0,"5":0,"6":0,"7":0,"8":0,"9":0,"10":0,"11":0,"12":0,"13":0,"14":0,"15":1,"16":0,"17":0,"18":0,"19":0,"20":0,"21":1,"22":0,"23":0,"24":0,"25":0,"26":0,"27":0,"28":0,"29":0,"30":0,"31":0,"32":0,"33":0,"34":0,"35":0,"36":0,"37":1,"38":0,"39":0,"40":0,"41":0,"42":0,"43":0,"44":0,"45":0,"46":0,"47":0,"48":0,"49":0,"50":0,"51":0},"f":{"0":0,"1":0,"2":0,"3":0},"b":{"0":[0,0],"1":[0,0],"2":[0,0],"3":[0,0],"4":[0,0],"5":[0,0],"6":[0,0],"7":[0,0],"8":[0,0]},"_coverageSchema":"1a1c01bbd47fc00a2c39e90264f33305004495a9","hash":"76b0b39da2b9e7e4ce0541b662d33dfa74ce292b"}
,"D:\\my website\\raport-app-back-end\\middleware\\errorMiddleware.js": {"path":"D:\\my website\\raport-app-back-end\\middleware\\errorMiddleware.js","statementMap":{"0":{"start":{"line":1,"column":17},"end":{"line":5,"column":1}},"1":{"start":{"line":2,"column":16},"end":{"line":2,"column":59}},"2":{"start":{"line":3,"column":2},"end":{"line":3,"column":18}},"3":{"start":{"line":4,"column":2},"end":{"line":4,"column":14}},"4":{"start":{"line":7,"column":21},"end":{"line":21,"column":1}},"5":{"start":{"line":8,"column":19},"end":{"line":8,"column":64}},"6":{"start":{"line":9,"column":16},"end":{"line":9,"column":54}},"7":{"start":{"line":12,"column":2},"end":{"line":15,"column":3}},"8":{"start":{"line":13,"column":4},"end":{"line":13,"column":21}},"9":{"start":{"line":14,"column":4},"end":{"line":14,"column":35}},"10":{"start":{"line":17,"column":2},"end":{"line":20,"column":5}}},"fnMap":{"0":{"name":"(anonymous_0)","decl":{"start":{"line":1,"column":17},"end":{"line":1,"column":18}},"loc":{"start":{"line":1,"column":37},"end":{"line":5,"column":1}},"line":1},"1":{"name":"(anonymous_1)","decl":{"start":{"line":7,"column":21},"end":{"line":7,"column":22}},"loc":{"start":{"line":7,"column":46},"end":{"line":21,"column":1}},"line":7}},"branchMap":{"0":{"loc":{"start":{"line":8,"column":19},"end":{"line":8,"column":64}},"type":"cond-expr","locations":[{"start":{"line":8,"column":44},"end":{"line":8,"column":47}},{"start":{"line":8,"column":50},"end":{"line":8,"column":64}}],"line":8},"1":{"loc":{"start":{"line":9,"column":16},"end":{"line":9,"column":54}},"type":"binary-expr","locations":[{"start":{"line":9,"column":16},"end":{"line":9,"column":27}},{"start":{"line":9,"column":31},"end":{"line":9,"column":54}}],"line":9},"2":{"loc":{"start":{"line":12,"column":2},"end":{"line":15,"column":3}},"type":"if","locations":[{"start":{"line":12,"column":2},"end":{"line":15,"column":3}},{"start":{},"end":{}}],"line":12},"3":{"loc":{"start":{"line":12,"column":6},"end":{"line":12,"column":57}},"type":"binary-expr","locations":[{"start":{"line":12,"column":6},"end":{"line":12,"column":30}},{"start":{"line":12,"column":34},"end":{"line":12,"column":57}}],"line":12},"4":{"loc":{"start":{"line":19,"column":11},"end":{"line":19,"column":67}},"type":"cond-expr","locations":[{"start":{"line":19,"column":51},"end":{"line":19,"column":55}},{"start":{"line":19,"column":58},"end":{"line":19,"column":67}}],"line":19}},"s":{"0":1,"1":0,"2":0,"3":0,"4":1,"5":0,"6":0,"7":0,"8":0,"9":0,"10":0},"f":{"0":0,"1":0},"b":{"0":[0,0],"1":[0,0],"2":[0,0],"3":[0,0],"4":[0,0]},"_coverageSchema":"1a1c01bbd47fc00a2c39e90264f33305004495a9","hash":"4468587c642850a325722a52819fc3dfebce8a40"}
,"D:\\my website\\raport-app-back-end\\middleware\\multer.js": {"path":"D:\\my website\\raport-app-back-end\\middleware\\multer.js","statementMap":{},"fnMap":{},"branchMap":{},"s":{},"f":{},"b":{},"_coverageSchema":"1a1c01bbd47fc00a2c39e90264f33305004495a9","hash":"3416f090971d36198e29730db74c55c53c56ed99"}
,"D:\\my website\\raport-app-back-end\\middleware\\verifyJWT.js": {"path":"D:\\my website\\raport-app-back-end\\middleware\\verifyJWT.js","statementMap":{"0":{"start":{"line":3,"column":18},"end":{"line":19,"column":1}},"1":{"start":{"line":4,"column":21},"end":{"line":4,"column":46}},"2":{"start":{"line":6,"column":2},"end":{"line":8,"column":3}},"3":{"start":{"line":7,"column":4},"end":{"line":7,"column":61}},"4":{"start":{"line":10,"column":16},"end":{"line":10,"column":40}},"5":{"start":{"line":12,"column":2},"end":{"line":18,"column":5}},"6":{"start":{"line":13,"column":4},"end":{"line":13,"column":67}},"7":{"start":{"line":13,"column":13},"end":{"line":13,"column":67}},"8":{"start":{"line":14,"column":4},"end":{"line":14,"column":41}},"9":{"start":{"line":15,"column":4},"end":{"line":15,"column":41}},"10":{"start":{"line":16,"column":4},"end":{"line":16,"column":37}},"11":{"start":{"line":17,"column":4},"end":{"line":17,"column":11}}},"fnMap":{"0":{"name":"(anonymous_0)","decl":{"start":{"line":3,"column":18},"end":{"line":3,"column":19}},"loc":{"start":{"line":3,"column":38},"end":{"line":19,"column":1}},"line":3},"1":{"name":"(anonymous_1)","decl":{"start":{"line":12,"column":53},"end":{"line":12,"column":54}},"loc":{"start":{"line":12,"column":71},"end":{"line":18,"column":3}},"line":12}},"branchMap":{"0":{"loc":{"start":{"line":6,"column":2},"end":{"line":8,"column":3}},"type":"if","locations":[{"start":{"line":6,"column":2},"end":{"line":8,"column":3}},{"start":{},"end":{}}],"line":6},"1":{"loc":{"start":{"line":13,"column":4},"end":{"line":13,"column":67}},"type":"if","locations":[{"start":{"line":13,"column":4},"end":{"line":13,"column":67}},{"start":{},"end":{}}],"line":13}},"s":{"0":1,"1":0,"2":0,"3":0,"4":0,"5":0,"6":0,"7":0,"8":0,"9":0,"10":0,"11":0},"f":{"0":0,"1":0},"b":{"0":[0,0],"1":[0,0]},"_coverageSchema":"1a1c01bbd47fc00a2c39e90264f33305004495a9","hash":"5369e333b48ddcbe98f98eb83ba788cd6c5faba7"}
,"D:\\my website\\raport-app-back-end\\models\\raportModel.js": {"path":"D:\\my website\\raport-app-back-end\\models\\raportModel.js","statementMap":{"0":{"start":{"line":2,"column":15},"end":{"line":2,"column":30}},"1":{"start":{"line":4,"column":21},"end":{"line":30,"column":1}},"2":{"start":{"line":33,"column":0},"end":{"line":45,"column":3}},"3":{"start":{"line":34,"column":22},"end":{"line":36,"column":4}},"4":{"start":{"line":37,"column":2},"end":{"line":44,"column":3}},"5":{"start":{"line":38,"column":16},"end":{"line":40,"column":5}},"6":{"start":{"line":41,"column":4},"end":{"line":41,"column":14}},"7":{"start":{"line":43,"column":4},"end":{"line":43,"column":11}},"8":{"start":{"line":47,"column":15},"end":{"line":47,"column":53}}},"fnMap":{"0":{"name":"(anonymous_0)","decl":{"start":{"line":33,"column":25},"end":{"line":33,"column":26}},"loc":{"start":{"line":33,"column":47},"end":{"line":45,"column":1}},"line":33}},"branchMap":{"0":{"loc":{"start":{"line":37,"column":2},"end":{"line":44,"column":3}},"type":"if","locations":[{"start":{"line":37,"column":2},"end":{"line":44,"column":3}},{"start":{"line":42,"column":9},"end":{"line":44,"column":3}}],"line":37}},"s":{"0":1,"1":1,"2":1,"3":0,"4":0,"5":0,"6":0,"7":0,"8":1},"f":{"0":0},"b":{"0":[0,0]},"_coverageSchema":"1a1c01bbd47fc00a2c39e90264f33305004495a9","hash":"d2718f956387c701d3ea25afe576f831192c5d33"}
,"D:\\my website\\raport-app-back-end\\models\\userModel.js": {"path":"D:\\my website\\raport-app-back-end\\models\\userModel.js","statementMap":{"0":{"start":{"line":3,"column":19},"end":{"line":43,"column":2}},"1":{"start":{"line":45,"column":0},"end":{"line":59,"column":3}},"2":{"start":{"line":46,"column":2},"end":{"line":58,"column":3}},"3":{"start":{"line":47,"column":25},"end":{"line":49,"column":6}},"4":{"start":{"line":50,"column":4},"end":{"line":57,"column":5}},"5":{"start":{"line":51,"column":18},"end":{"line":53,"column":7}},"6":{"start":{"line":54,"column":6},"end":{"line":54,"column":16}},"7":{"start":{"line":56,"column":6},"end":{"line":56,"column":13}},"8":{"start":{"line":60,"column":13},"end":{"line":60,"column":47}}},"fnMap":{"0":{"name":"(anonymous_0)","decl":{"start":{"line":45,"column":23},"end":{"line":45,"column":24}},"loc":{"start":{"line":45,"column":45},"end":{"line":59,"column":1}},"line":45}},"branchMap":{"0":{"loc":{"start":{"line":46,"column":2},"end":{"line":58,"column":3}},"type":"if","locations":[{"start":{"line":46,"column":2},"end":{"line":58,"column":3}},{"start":{},"end":{}}],"line":46},"1":{"loc":{"start":{"line":50,"column":4},"end":{"line":57,"column":5}},"type":"if","locations":[{"start":{"line":50,"column":4},"end":{"line":57,"column":5}},{"start":{"line":55,"column":11},"end":{"line":57,"column":5}}],"line":50}},"s":{"0":1,"1":1,"2":0,"3":0,"4":0,"5":0,"6":0,"7":0,"8":1},"f":{"0":0},"b":{"0":[0,0],"1":[0,0]},"_coverageSchema":"1a1c01bbd47fc00a2c39e90264f33305004495a9","hash":"484a17fcfb6651daf307cff6effcf6040cc7ea06"}
,"D:\\my website\\raport-app-back-end\\routes\\authRoutes.js": {"path":"D:\\my website\\raport-app-back-end\\routes\\authRoutes.js","statementMap":{"0":{"start":{"line":2,"column":15},"end":{"line":2,"column":31}},"1":{"start":{"line":6,"column":0},"end":{"line":6,"column":24}},"2":{"start":{"line":7,"column":0},"end":{"line":7,"column":32}},"3":{"start":{"line":8,"column":0},"end":{"line":8,"column":31}}},"fnMap":{},"branchMap":{},"s":{"0":1,"1":1,"2":1,"3":1},"f":{},"b":{},"_coverageSchema":"1a1c01bbd47fc00a2c39e90264f33305004495a9","hash":"bae59052d4a2ef95e85d0a2755adaba196f6a207"}
,"D:\\my website\\raport-app-back-end\\routes\\raportRoutes.js": {"path":"D:\\my website\\raport-app-back-end\\routes\\raportRoutes.js","statementMap":{"0":{"start":{"line":2,"column":15},"end":{"line":2,"column":31}},"1":{"start":{"line":11,"column":0},"end":{"line":11,"column":22}},"2":{"start":{"line":13,"column":0},"end":{"line":13,"column":40}},"3":{"start":{"line":14,"column":0},"end":{"line":14,"column":54}},"4":{"start":{"line":15,"column":0},"end":{"line":15,"column":52}}},"fnMap":{},"branchMap":{},"s":{"0":1,"1":1,"2":1,"3":1,"4":1},"f":{},"b":{},"_coverageSchema":"1a1c01bbd47fc00a2c39e90264f33305004495a9","hash":"9c9e51b6aa8746ac2507cc30d62b8b9b1f3bd901"}
,"D:\\my website\\raport-app-back-end\\routes\\studentRoutes.js": {"path":"D:\\my website\\raport-app-back-end\\routes\\studentRoutes.js","statementMap":{"0":{"start":{"line":2,"column":15},"end":{"line":2,"column":31}},"1":{"start":{"line":11,"column":0},"end":{"line":11,"column":22}},"2":{"start":{"line":12,"column":0},"end":{"line":16,"column":29}}},"fnMap":{},"branchMap":{},"s":{"0":1,"1":1,"2":1},"f":{},"b":{},"_coverageSchema":"1a1c01bbd47fc00a2c39e90264f33305004495a9","hash":"5c0ec10cae1db80e1d5d33c2c1bc0ba5731e0d46"}
,"D:\\my website\\raport-app-back-end\\routes\\userRoutes.js": {"path":"D:\\my website\\raport-app-back-end\\routes\\userRoutes.js","statementMap":{"0":{"start":{"line":2,"column":15},"end":{"line":2,"column":31}},"1":{"start":{"line":11,"column":0},"end":{"line":11,"column":40}},"2":{"start":{"line":12,"column":0},"end":{"line":17,"column":2}},"3":{"start":{"line":18,"column":0},"end":{"line":18,"column":39}}},"fnMap":{},"branchMap":{},"s":{"0":1,"1":1,"2":1,"3":1},"f":{},"b":{},"_coverageSchema":"1a1c01bbd47fc00a2c39e90264f33305004495a9","hash":"b52535c7fccf116d56f4f2ec6dae79ef2dfc1f00"}
,"D:\\my website\\raport-app-back-end\\tests\\testUtils.js": {"path":"D:\\my website\\raport-app-back-end\\tests\\testUtils.js","statementMap":{"0":{"start":{"line":3,"column":36},"end":{"line":17,"column":1}},"1":{"start":{"line":5,"column":20},"end":{"line":9,"column":6}},"2":{"start":{"line":11,"column":4},"end":{"line":11,"column":25}},"3":{"start":{"line":15,"column":4},"end":{"line":15,"column":60}}},"fnMap":{"0":{"name":"(anonymous_0)","decl":{"start":{"line":4,"column":2},"end":{"line":4,"column":3}},"loc":{"start":{"line":4,"column":58},"end":{"line":12,"column":3}},"line":4},"1":{"name":"(anonymous_1)","decl":{"start":{"line":14,"column":2},"end":{"line":14,"column":3}},"loc":{"start":{"line":14,"column":21},"end":{"line":16,"column":3}},"line":14}},"branchMap":{"0":{"loc":{"start":{"line":4,"column":18},"end":{"line":4,"column":35}},"type":"default-arg","locations":[{"start":{"line":4,"column":29},"end":{"line":4,"column":35}}],"line":4},"1":{"loc":{"start":{"line":4,"column":37},"end":{"line":4,"column":54}},"type":"default-arg","locations":[{"start":{"line":4,"column":48},"end":{"line":4,"column":54}}],"line":4}},"s":{"0":1,"1":0,"2":0,"3":1},"f":{"0":0,"1":1},"b":{"0":[0],"1":[0]},"_coverageSchema":"1a1c01bbd47fc00a2c39e90264f33305004495a9","hash":"e4192d60364528e8b3db488f76e7fae3766d863f"}
,"D:\\my website\\raport-app-back-end\\validator\\raport\\index.js": {"path":"D:\\my website\\raport-app-back-end\\validator\\raport\\index.js","statementMap":{"0":{"start":{"line":5,"column":29},"end":{"line":5,"column":66}},"1":{"start":{"line":6,"column":4},"end":{"line":8,"column":5}},"2":{"start":{"line":7,"column":6},"end":{"line":7,"column":54}}},"fnMap":{"0":{"name":"(anonymous_0)","decl":{"start":{"line":4,"column":25},"end":{"line":4,"column":26}},"loc":{"start":{"line":4,"column":38},"end":{"line":9,"column":3}},"line":4}},"branchMap":{"0":{"loc":{"start":{"line":6,"column":4},"end":{"line":8,"column":5}},"type":"if","locations":[{"start":{"line":6,"column":4},"end":{"line":8,"column":5}},{"start":{},"end":{}}],"line":6}},"s":{"0":0,"1":0,"2":0},"f":{"0":0},"b":{"0":[0,0]},"_coverageSchema":"1a1c01bbd47fc00a2c39e90264f33305004495a9","hash":"44270d572fce61b1f2da3ada63535d83386740ce"}
,"D:\\my website\\raport-app-back-end\\validator\\raport\\schema.js": {"path":"D:\\my website\\raport-app-back-end\\validator\\raport\\schema.js","statementMap":{"0":{"start":{"line":3,"column":35},"end":{"line":9,"column":2}}},"fnMap":{},"branchMap":{},"s":{"0":1},"f":{},"b":{},"_coverageSchema":"1a1c01bbd47fc00a2c39e90264f33305004495a9","hash":"699c029eaf2e815be2fea4b5a081bab8140e314d"}
,"D:\\my website\\raport-app-back-end\\validator\\user\\index.js": {"path":"D:\\my website\\raport-app-back-end\\validator\\user\\index.js","statementMap":{"0":{"start":{"line":9,"column":29},"end":{"line":9,"column":64}},"1":{"start":{"line":10,"column":4},"end":{"line":12,"column":5}},"2":{"start":{"line":11,"column":6},"end":{"line":11,"column":54}},"3":{"start":{"line":15,"column":29},"end":{"line":15,"column":64}},"4":{"start":{"line":16,"column":4},"end":{"line":18,"column":5}},"5":{"start":{"line":17,"column":6},"end":{"line":17,"column":54}},"6":{"start":{"line":21,"column":29},"end":{"line":21,"column":70}},"7":{"start":{"line":22,"column":4},"end":{"line":24,"column":5}},"8":{"start":{"line":23,"column":6},"end":{"line":23,"column":54}}},"fnMap":{"0":{"name":"(anonymous_0)","decl":{"start":{"line":8,"column":23},"end":{"line":8,"column":24}},"loc":{"start":{"line":8,"column":36},"end":{"line":13,"column":3}},"line":8},"1":{"name":"(anonymous_1)","decl":{"start":{"line":14,"column":23},"end":{"line":14,"column":24}},"loc":{"start":{"line":14,"column":36},"end":{"line":19,"column":3}},"line":14},"2":{"name":"(anonymous_2)","decl":{"start":{"line":20,"column":29},"end":{"line":20,"column":30}},"loc":{"start":{"line":20,"column":42},"end":{"line":25,"column":3}},"line":20}},"branchMap":{"0":{"loc":{"start":{"line":10,"column":4},"end":{"line":12,"column":5}},"type":"if","locations":[{"start":{"line":10,"column":4},"end":{"line":12,"column":5}},{"start":{},"end":{}}],"line":10},"1":{"loc":{"start":{"line":16,"column":4},"end":{"line":18,"column":5}},"type":"if","locations":[{"start":{"line":16,"column":4},"end":{"line":18,"column":5}},{"start":{},"end":{}}],"line":16},"2":{"loc":{"start":{"line":22,"column":4},"end":{"line":24,"column":5}},"type":"if","locations":[{"start":{"line":22,"column":4},"end":{"line":24,"column":5}},{"start":{},"end":{}}],"line":22}},"s":{"0":0,"1":0,"2":0,"3":0,"4":0,"5":0,"6":0,"7":0,"8":0},"f":{"0":0,"1":0,"2":0},"b":{"0":[0,0],"1":[0,0],"2":[0,0]},"_coverageSchema":"1a1c01bbd47fc00a2c39e90264f33305004495a9","hash":"0d07e0d03df7c164f8806ac4fea2c535ea9320b5"}
,"D:\\my website\\raport-app-back-end\\validator\\user\\schema.js": {"path":"D:\\my website\\raport-app-back-end\\validator\\user\\schema.js","statementMap":{"0":{"start":{"line":3,"column":33},"end":{"line":6,"column":2}},"1":{"start":{"line":8,"column":33},"end":{"line":11,"column":2}},"2":{"start":{"line":13,"column":39},"end":{"line":17,"column":2}}},"fnMap":{},"branchMap":{},"s":{"0":1,"1":1,"2":1},"f":{},"b":{},"_coverageSchema":"1a1c01bbd47fc00a2c39e90264f33305004495a9","hash":"4ae874946c07f74b62e37d50a8a433303ae52c8b"}
}
